# JRE version: OpenJDK Runtime Environment (11.0+28) (build 11+28)
# Java VM: OpenJDK 64-Bit Server VM (11+28, mixed mode, tiered, compressed oops, g1 gc, windows-amd64)
Heap:
 garbage-first heap   total 556032K, used 348429K [0x0000000080000000, 0x0000000100000000)
  region size 1024K, 174 young (178176K), 3 survivors (3072K)
 Metaspace       used 125019K, capacity 128235K, committed 128904K, reserved 1161216K
  class space    used 15430K, capacity 16646K, committed 17024K, reserved 1048576K
GC Heap History (10 events):
Event: 282.852 GC heap before
{Heap before GC invocations=115 (full 0):
 garbage-first heap   total 331776K, used 263542K [0x0000000080000000, 0x0000000100000000)
  region size 1024K, 95 young (97280K), 9 survivors (9216K)
 Metaspace       used 123751K, capacity 126896K, committed 128136K, reserved 1161216K
  class space    used 15371K, capacity 16547K, committed 17024K, reserved 1048576K
}
Event: 282.868 GC heap after
{Heap after GC invocations=116 (full 0):
 garbage-first heap   total 401408K, used 176207K [0x0000000080000000, 0x0000000100000000)
  region size 1024K, 5 young (5120K), 5 survivors (5120K)
 Metaspace       used 123751K, capacity 126896K, committed 128136K, reserved 1161216K
  class space    used 15371K, capacity 16547K, committed 17024K, reserved 1048576K
}
Event: 282.939 GC heap before
{Heap before GC invocations=116 (full 0):
 garbage-first heap   total 401408K, used 189519K [0x0000000080000000, 0x0000000100000000)
  region size 1024K, 19 young (19456K), 5 survivors (5120K)
 Metaspace       used 123877K, capacity 127038K, committed 128136K, reserved 1161216K
  class space    used 15384K, capacity 16566K, committed 17024K, reserved 1048576K
}
Event: 282.962 GC heap after
{Heap after GC invocations=117 (full 0):
 garbage-first heap   total 401408K, used 168657K [0x0000000080000000, 0x0000000100000000)
  region size 1024K, 2 young (2048K), 2 survivors (2048K)
 Metaspace       used 123877K, capacity 127038K, committed 128136K, reserved 1161216K
  class space    used 15384K, capacity 16566K, committed 17024K, reserved 1048576K
}
Event: 285.119 GC heap before
{Heap before GC invocations=117 (full 0):
 garbage-first heap   total 401408K, used 291537K [0x0000000080000000, 0x0000000100000000)
  region size 1024K, 123 young (125952K), 2 survivors (2048K)
 Metaspace       used 124195K, capacity 127360K, committed 128392K, reserved 1161216K
  class space    used 15393K, capacity 16580K, committed 17024K, reserved 1048576K
}
Event: 285.185 GC heap after
{Heap after GC invocations=118 (full 0):
 garbage-first heap   total 401408K, used 181767K [0x0000000080000000, 0x0000000100000000)
  region size 1024K, 15 young (15360K), 15 survivors (15360K)
 Metaspace       used 124195K, capacity 127360K, committed 128392K, reserved 1161216K
  class space    used 15393K, capacity 16580K, committed 17024K, reserved 1048576K
}
Event: 285.870 GC heap before
{Heap before GC invocations=119 (full 0):
 garbage-first heap   total 401408K, used 308743K [0x0000000080000000, 0x0000000100000000)
  region size 1024K, 139 young (142336K), 15 survivors (15360K)
 Metaspace       used 124564K, capacity 127732K, committed 128648K, reserved 1161216K
  class space    used 15405K, capacity 16622K, committed 17024K, reserved 1048576K
}
Event: 285.909 GC heap after
{Heap after GC invocations=120 (full 0):
 garbage-first heap   total 401408K, used 183714K [0x0000000080000000, 0x0000000100000000)
  region size 1024K, 5 young (5120K), 5 survivors (5120K)
 Metaspace       used 124564K, capacity 127732K, committed 128648K, reserved 1161216K
  class space    used 15405K, capacity 16622K, committed 17024K, reserved 1048576K
}
Event: 286.011 GC heap before
{Heap before GC invocations=120 (full 0):
 garbage-first heap   total 401408K, used 197026K [0x0000000080000000, 0x0000000100000000)
  region size 1024K, 19 young (19456K), 5 survivors (5120K)
 Metaspace       used 124565K, capacity 127732K, committed 128648K, reserved 1161216K
  class space    used 15405K, capacity 16622K, committed 17024K, reserved 1048576K
}
Event: 286.043 GC heap after
{Heap after GC invocations=121 (full 0):
 garbage-first heap   total 556032K, used 172244K [0x0000000080000000, 0x0000000100000000)
  region size 1024K, 1 young (1024K), 1 survivors (1024K)
 Metaspace       used 124565K, capacity 127732K, committed 128648K, reserved 1161216K
  class space    used 15405K, capacity 16622K, committed 17024K, reserved 1048576K
}

