# JRE version: OpenJDK Runtime Environment (11.0.10) (build 11.0.10+0-b96-7249189)
# Java VM: OpenJDK 64-Bit Server VM (11.0.10+0-b96-7249189, mixed mode, tiered, compressed oops, g1 gc, windows-amd64)
Heap:
 garbage-first heap   total 502784K, used 140290K [0x0000000080000000, 0x0000000100000000)
  region size 1024K, 6 young (6144K), 2 survivors (2048K)
 Metaspace       used 158006K, capacity 162277K, committed 162380K, reserved 1191936K
  class space    used 18876K, capacity 20518K, committed 20608K, reserved 1048576K
GC Heap History (20 events):
Event: 1343.276 GC heap before
{Heap before GC invocations=95 (full 0):
 garbage-first heap   total 502784K, used 186748K [0x0000000080000000, 0x0000000100000000)
  region size 1024K, 24 young (24576K), 12 survivors (12288K)
 Metaspace       used 157029K, capacity 161283K, committed 161484K, reserved 1189888K
  class space    used 18843K, capacity 20457K, committed 20480K, reserved 1048576K
}
Event: 1343.972 GC heap after
{Heap after GC invocations=96 (full 0):
 garbage-first heap   total 502784K, used 144649K [0x0000000080000000, 0x0000000100000000)
  region size 1024K, 2 young (2048K), 2 survivors (2048K)
 Metaspace       used 157029K, capacity 161283K, committed 161484K, reserved 1189888K
  class space    used 18843K, capacity 20457K, committed 20480K, reserved 1048576K
}
Event: 1344.245 GC heap before
{Heap before GC invocations=96 (full 0):
 garbage-first heap   total 502784K, used 201993K [0x0000000080000000, 0x0000000100000000)
  region size 1024K, 59 young (60416K), 2 survivors (2048K)
 Metaspace       used 157041K, capacity 161284K, committed 161484K, reserved 1189888K
  class space    used 18843K, capacity 20457K, committed 20480K, reserved 1048576K
}
Event: 1344.261 GC heap after
{Heap after GC invocations=97 (full 0):
 garbage-first heap   total 502784K, used 145117K [0x0000000080000000, 0x0000000100000000)
  region size 1024K, 3 young (3072K), 3 survivors (3072K)
 Metaspace       used 157041K, capacity 161284K, committed 161484K, reserved 1189888K
  class space    used 18843K, capacity 20457K, committed 20480K, reserved 1048576K
}
Event: 1504.709 GC heap before
{Heap before GC invocations=98 (full 0):
 garbage-first heap   total 502784K, used 222941K [0x0000000080000000, 0x0000000100000000)
  region size 1024K, 70 young (71680K), 3 survivors (3072K)
 Metaspace       used 155312K, capacity 159635K, committed 161740K, reserved 1189888K
  class space    used 18724K, capacity 20340K, committed 20480K, reserved 1048576K
}
Event: 1504.715 GC heap after
{Heap after GC invocations=99 (full 0):
 garbage-first heap   total 502784K, used 145288K [0x0000000080000000, 0x0000000100000000)
  region size 1024K, 3 young (3072K), 3 survivors (3072K)
 Metaspace       used 155312K, capacity 159635K, committed 161740K, reserved 1189888K
  class space    used 18724K, capacity 20340K, committed 20480K, reserved 1048576K
}
Event: 1505.429 GC heap before
{Heap before GC invocations=99 (full 0):
 garbage-first heap   total 502784K, used 168840K [0x0000000080000000, 0x0000000100000000)
  region size 1024K, 24 young (24576K), 3 survivors (3072K)
 Metaspace       used 155423K, capacity 159683K, committed 161740K, reserved 1189888K
  class space    used 18729K, capacity 20349K, committed 20480K, reserved 1048576K
}
Event: 1505.459 GC heap after
{Heap after GC invocations=100 (full 0):
 garbage-first heap   total 502784K, used 140151K [0x0000000080000000, 0x0000000100000000)
  region size 1024K, 3 young (3072K), 3 survivors (3072K)
 Metaspace       used 155423K, capacity 159683K, committed 161740K, reserved 1189888K
  class space    used 18729K, capacity 20349K, committed 20480K, reserved 1048576K
}
Event: 1505.526 GC heap before
{Heap before GC invocations=100 (full 0):
 garbage-first heap   total 502784K, used 140151K [0x0000000080000000, 0x0000000100000000)
  region size 1024K, 4 young (4096K), 3 survivors (3072K)
 Metaspace       used 155424K, capacity 159683K, committed 161740K, reserved 1189888K
  class space    used 18729K, capacity 20349K, committed 20480K, reserved 1048576K
}
Event: 1505.542 GC heap after
{Heap after GC invocations=101 (full 0):
 garbage-first heap   total 502784K, used 140035K [0x0000000080000000, 0x0000000100000000)
  region size 1024K, 3 young (3072K), 3 survivors (3072K)
 Metaspace       used 155424K, capacity 159683K, committed 161740K, reserved 1189888K
  class space    used 18729K, capacity 20349K, committed 20480K, reserved 1048576K
}
Event: 1514.244 GC heap before
{Heap before GC invocations=102 (full 0):
 garbage-first heap   total 502784K, used 198403K [0x0000000080000000, 0x0000000100000000)
  region size 1024K, 57 young (58368K), 3 survivors (3072K)
 Metaspace       used 155613K, capacity 159917K, committed 161740K, reserved 1189888K
  class space    used 18734K, capacity 20357K, committed 20480K, reserved 1048576K
}
Event: 1514.258 GC heap after
{Heap after GC invocations=103 (full 0):
 garbage-first heap   total 502784K, used 147724K [0x0000000080000000, 0x0000000100000000)
  region size 1024K, 8 young (8192K), 8 survivors (8192K)
 Metaspace       used 155613K, capacity 159917K, committed 161740K, reserved 1189888K
  class space    used 18734K, capacity 20357K, committed 20480K, reserved 1048576K
}
Event: 1514.433 GC heap before
{Heap before GC invocations=103 (full 0):
 garbage-first heap   total 502784K, used 163084K [0x0000000080000000, 0x0000000100000000)
  region size 1024K, 24 young (24576K), 8 survivors (8192K)
 Metaspace       used 155626K, capacity 159924K, committed 161740K, reserved 1189888K
  class space    used 18734K, capacity 20357K, committed 20480K, reserved 1048576K
}
Event: 1514.456 GC heap after
{Heap after GC invocations=104 (full 0):
 garbage-first heap   total 502784K, used 136050K [0x0000000080000000, 0x0000000100000000)
  region size 1024K, 2 young (2048K), 2 survivors (2048K)
 Metaspace       used 155626K, capacity 159924K, committed 161740K, reserved 1189888K
  class space    used 18734K, capacity 20357K, committed 20480K, reserved 1048576K
}
Event: 1514.897 GC heap before
{Heap before GC invocations=104 (full 0):
 garbage-first heap   total 502784K, used 142194K [0x0000000080000000, 0x0000000100000000)
  region size 1024K, 9 young (9216K), 2 survivors (2048K)
 Metaspace       used 155644K, capacity 159936K, committed 161740K, reserved 1189888K
  class space    used 18736K, capacity 20361K, committed 20480K, reserved 1048576K
}
Event: 1514.906 GC heap after
{Heap after GC invocations=105 (full 0):
 garbage-first heap   total 502784K, used 135863K [0x0000000080000000, 0x0000000100000000)
  region size 1024K, 2 young (2048K), 2 survivors (2048K)
 Metaspace       used 155644K, capacity 159936K, committed 161740K, reserved 1189888K
  class space    used 18736K, capacity 20361K, committed 20480K, reserved 1048576K
}
Event: 1521.710 GC heap before
{Heap before GC invocations=106 (full 0):
 garbage-first heap   total 502784K, used 250551K [0x0000000080000000, 0x0000000100000000)
  region size 1024K, 106 young (108544K), 2 survivors (2048K)
 Metaspace       used 157948K, capacity 162262K, committed 162380K, reserved 1191936K
  class space    used 18874K, capacity 20515K, committed 20608K, reserved 1048576K
}
Event: 1521.719 GC heap after
{Heap after GC invocations=107 (full 0):
 garbage-first heap   total 502784K, used 139709K [0x0000000080000000, 0x0000000100000000)
  region size 1024K, 4 young (4096K), 4 survivors (4096K)
 Metaspace       used 157948K, capacity 162262K, committed 162380K, reserved 1191936K
  class space    used 18874K, capacity 20515K, committed 20608K, reserved 1048576K
}
Event: 1765.903 GC heap before
{Heap before GC invocations=107 (full 0):
 garbage-first heap   total 502784K, used 169405K [0x0000000080000000, 0x0000000100000000)
  region size 1024K, 24 young (24576K), 4 survivors (4096K)
 Metaspace       used 158006K, capacity 162277K, committed 162380K, reserved 1191936K
  class space    used 18876K, capacity 20518K, committed 20608K, reserved 1048576K
}
Event: 1765.939 GC heap after
{Heap after GC invocations=108 (full 0):
 garbage-first heap   total 502784K, used 137218K [0x0000000080000000, 0x0000000100000000)
  region size 1024K, 2 young (2048K), 2 survivors (2048K)
 Metaspace       used 158006K, capacity 162277K, committed 162380K, reserved 1191936K
  class space    used 18876K, capacity 20518K, committed 20608K, reserved 1048576K
}

